[708/5852] MISS GANESHBE
[2361/5852] MISS DRDATSONS
[2362/5852] MISS 531897
[2363/5852] MISS 526347
[2364/5852] MISS ABCIL
[2366/5852] MISS 503655
[2368/5852] MISS TELEDATAGL
[2369/5852] MISS 533314
[2370/5852] MISS 524448
[2371/5852] MISS id
[2372/5852] MISS ALFALAVAL
[2373/5852] MISS 506120
[2374/5852] MISS AMAR
[2375/5852] MISS AMLSTEEL
[2376/5852] MISS 531728
[2377/5852] MISS 531678
[2378/5852] MISS ANKURDRUGS
[2379/5852] MISS 532981
[2380/5852] MISS AQUA
[2381/5852] MISS 532068
[2382/5852] MISS 504370
[2383/5852] MISS 509110
[2385/5852] MISS 524760
[2386/5852] MISS 511750
[2387/5852] MISS ASHCONIUL
[2388/5852] MISS ASIANELEC
[2389/5852] MISS 532047
[2390/5852] MISS 506267
[2391/5852] MISS 532161
[2392/5852] MISS 531733
[2393/5852] MISS 509011
[2395/5852] MISS 507050
[2396/5852] MISS BELLCERATL
[2398/5852] MISS 524737
[2399/5852] MISS BECREL
[2400/5852] MISS 531481
[2402/5852] MISS 512313
[2403/5852] MISS DAGERFORST
[2404/5852] MISS 533469
[2405/5852] MISS BIRLAPOWER
[2406/5852] MISS 516112
[2407/5852] MISS BLUEBIRD
[2408/5852] MISS 511361
[2409/5852] MISS 502216
[2410/5852] MISS 531194
[2411/5852] MISS BRANDHOUSE
[2412/5852] MISS 506164
[2413/5852] MISS 504643
[2414/5852] MISS 531932
[2415/5852] MISS CCI
[2416/5852] MISS 532405
[2417/5852] MISS COMPACDISC
[2418/5852] MISS CEATFIN
[2419/5852] MISS 504671
[2420/5852] MISS 533026
[2421/5852] MISS CHESLINTEX
[2422/5852] MISS CHETTINAD
[2423/5852] MISS CMC
[2424/5852] MISS CORAL-HUB
[2425/5852] MISS 505678
[2426/5852] MISS CRESTANI
[2427/5852] MISS CREWBOS
[2428/5852] MISS 526033
[2429/5852] MISS DCHL
[2430/5852] MISS DECOLIGHT
[2431/5852] MISS DENSO
[2432/5852] MISS DHANUS
[2433/5852] MISS 531171
[2434/5852] MISS 503978
[2435/5852] MISS DOONVALLEY
[2436/5852] MISS 524276
[2437/5852] MISS DUNLOP
[2438/5852] MISS 531330
[2439/5852] MISS EDSERV
[2440/5852] MISS 524788
[2441/5852] MISS ELGIRUBBER
[2442/5852] MISS 502374
[2443/5852] MISS 531470
[2444/5852] MISS EMTEXIND
[2445/5852] MISS 524374
[2447/5852] MISS ESSAROIL
[2448/5852] MISS ESSARPORTS
[2449/5852] MISS EVINIX
[2451/5852] MISS 530337
[2453/5852] MISS 511668
[2454/5852] MISS FAME
[2455/5852] MISS 531820
[2456/5852] MISS 512219
[2457/5852] MISS FIRSTLEASE
[2458/5852] MISS 523576
[2459/5852] MISS FKONCO
[2460/5852] MISS FULFORD
[2461/5852] MISS 531854
[2462/5852] MISS 531760
[2463/5852] MISS INDIANORG
[2464/5852] MISS 530237
[2466/5852] MISS 531601
[2467/5852] MISS GEODESIC
[2468/5852] MISS 511503
[2469/5852] MISS GLODYNE
[2470/5852] MISS GLORY
[2472/5852] MISS GUJRATGAS
[2473/5852] MISS HANILERA
[2474/5852] MISS 514308
[2475/5852] MISS 512121
[2476/5852] MISS 503689
[2477/5852] MISS 520026
[2478/5852] MISS 532671
[2479/5852] MISS HIRAFERRO
[2480/5852] MISS 506170
[2481/5852] MISS INDOASAHI
[2482/5852] MISS 526610
[2483/5852] MISS INDIASEC
[2485/5852] MISS 531084
[2488/5852] MISS 532381
[2489/5852] MISS INGVYSYABK
[2490/5852] MISS 517250
[2491/5852] MISS 531777
[2492/5852] MISS 523770
[2493/5852] MISS IOLN
[2494/5852] MISS 532421
[2495/5852] MISS IVRCLAH
[2497/5852] MISS JEYPORE
[2498/5852] MISS SWIL
[2499/5852] MISS 532519
[2500/5852] MISS 524378
[2501/5852] MISS 502335
[2502/5852] MISS JSWISPAT
[2503/5852] MISS 511060
[2504/5852] MISS JUPITER
[2505/5852] MISS 590036
[2506/5852] MISS 530165
[2507/5852] MISS 590053
[2508/5852] MISS 512585
[2509/5852] MISS 502512
[2510/5852] MISS KOPDRUGS
[2511/5852] MISS 532758
[2512/5852] MISS 531401
[2513/5852] MISS KINETICMOT
[2514/5852] MISS KFA
[2515/5852] MISS KBIL
[2516/5852] MISS KITPLYIND
[2517/5852] MISS KLGSYSTEL
[2518/5852] MISS 526379
[2519/5852] MISS KOUTONS
[2520/5852] MISS KRISHNAENG
[2521/5852] MISS 513627
[2522/5852] MISS 506540
[2523/5852] MISS 530273
[2524/5852] MISS 508982
[2525/5852] MISS LLOYDFIN
[2526/5852] MISS 514242
[2527/5852] MISS MAARSOFTW
[2528/5852] MISS 524270
[2529/5852] MISS 530059
[2530/5852] MISS 531664
[2531/5852] MISS 524138
[2532/5852] MISS MAHINDUGIN
[2533/5852] MISS 514492
[2534/5852] MISS MANJUSHREE
[2535/5852] MISS 513355
[2536/5852] MISS 531131
[2537/5852] MISS MAWANA
[2538/5852] MISS MCLEODRUS
[2539/5852] MISS METALPIPE
[2540/5852] MISS 522298
[2541/5852] MISS MICROTECH
[2542/5852] MISS 533220
[2543/5852] MISS 531597
[2544/5852] MISS 531942
[2545/5852] MISS 504367
[2546/5852] MISS 530033
[2547/5852] MISS 531096
[2548/5852] MISS 505594
[2549/5852] MISS 530375
[2550/5852] MISS 519200
[2551/5852] MISS 532999
[2552/5852] MISS 532045
[2553/5852] MISS 506123
[2554/5852] MISS NIVINFRA
[2555/5852] MISS NOVOPANIND
[2556/5852] MISS NRC
[2557/5852] MISS NUCHEM
[2558/5852] MISS 532607
[2559/5852] MISS 531617
[2560/5852] MISS OSWALMIN
[2561/5852] MISS OSWALSPG
[2562/5852] MISS PALCREDIT
[2563/5852] MISS PANASONIC
[2564/5852] MISS 511082
[2565/5852] MISS PARAL
[2566/5852] MISS PAREKHPLAT
[2570/5852] MISS PIRGLASS
[2571/5852] MISS 532117
[2572/5852] MISS POLARIND
[2573/5852] MISS 523333
[2574/5852] MISS 532736
[2575/5852] MISS 531293
[2577/5852] MISS 526691
[2578/5852] MISS PRITHVI
[2579/5852] MISS PSMSPGMILL
[2580/5852] MISS 530069
[2582/5852] MISS 526465
[2583/5852] MISS 513630
[2584/5852] MISS RANBAXY
[2585/5852] MISS RANKLIN
[2586/5852] MISS 523780
[2587/5852] MISS RASLAMIPAK
[2588/5852] MISS 532055
[2589/5852] MISS 512397
[2590/5852] MISS 531391
[2591/5852] MISS 526403
[2592/5852] MISS RBN
[2593/5852] MISS RELMEDIA
[2594/5852] MISS 502473
[2595/5852] MISS 505658
[2596/5852] MISS ALBRMORARJ
[2597/5852] MISS 531218
[2598/5852] MISS 523658
[2599/5852] MISS 530061
[2600/5852] MISS 501154
[2601/5852] MISS 530631
[2602/5852] MISS SKUMARSYNF
[2603/5852] MISS 522296
[2604/5852] MISS 531374
[2605/5852] MISS SABERORGAN
[2606/5852] MISS 506172
[2608/5852] MISS SANGHIPOLY
[2609/5852] MISS 531312
[2610/5852] MISS SATYAMCOMP
[2612/5852] MISS 501887
[2613/5852] MISS 530989
[2614/5852] MISS 523359
[2615/5852] MISS SHASUNPHAR
[2616/5852] MISS 503630
[2617/5852] MISS 507952
[2618/5852] MISS SHREEASHTA
[2619/5852] MISS 530835
[2620/5852] MISS 501267
[2621/5852] MISS DALMIAREF
[2622/5852] MISS 531261
[2623/5852] MISS 505529
[2624/5852] MISS 526835
[2625/5852] MISS SIMBHSUGAR
[2626/5852] MISS 524719
[2627/5852] MISS SOUISPAT
[2628/5852] MISS SPANCO
[2629/5852] MISS 532249
[2630/5852] MISS SRHHLINDST
[2631/5852] MISS SRICHAMUND
[2632/5852] MISS 521236
[2633/5852] MISS 526893
[2634/5852] MISS 513530
[2635/5852] MISS STERLINHOL
[2636/5852] MISS STER
[2637/5852] MISS 512640
[2638/5852] MISS SUASHDIMON
[2639/5852] MISS 531866
[2641/5852] MISS 530425
[2642/5852] MISS 531295
[2643/5852] MISS SURYAPHARM
[2644/5852] MISS TAKSHEEL
[2645/5852] MISS TCPLTD
[2646/5852] MISS 522142
[2647/5852] MISS 513153
[2648/5852] MISS TELEMARINE
[2649/5852] MISS TELEDATAIT
[2650/5852] MISS 519228
[2651/5852] MISS 501756
[2652/5852] MISS TIMBOR
[2653/5852] MISS 504353
[2654/5852] MISS 530155
[2655/5852] MISS TORRENTCAB
[2656/5852] MISS 531318
[2657/5852] MISS 512101
[2658/5852] MISS TULIP
[2659/5852] MISS 532311
[2660/5852] MISS TWILITAKA
[2661/5852] MISS 512117
[2662/5852] MISS 512307
[2663/5852] MISS 526463
[2664/5852] MISS 526879
[2665/5852] MISS UBENGG
[2666/5852] MISS 530937
[2667/5852] MISS UNIFLEX
[2668/5852] MISS 532338
[2669/5852] MISS 511114
[2670/5852] MISS 521046
[2671/5852] MISS VARUN
[2672/5852] MISS VARUNSHIP
[2673/5852] MISS 524310
[2674/5852] MISS 532093
[2675/5852] MISS 531874
[2676/5852] MISS VENUSUGAR
[2677/5852] MISS 530487
[2678/5852] MISS 506103
[2679/5852] MISS 504991
[2680/5852] MISS VIKASHMET
[2681/5852] MISS VINCARDS
[2682/5852] MISS VIPPYSOLVX
[2683/5852] MISS 505930
[2684/5852] MISS 507405
[2685/5852] MISS VITALCOMM
[2686/5852] MISS 530583
[2687/5852] MISS 531865
[2688/5852] MISS 520003
[2689/5852] MISS GFL
[2690/5852] MISS 531249
[2691/5852] MISS WELGLOB
[2692/5852] MISS WYETH
[2693/5852] MISS ZENITHINFO
[2694/5852] MISS 532177
[2695/5852] MISS 511421
[2698/5852] MISS 531724
[2699/5852] MISS 515097
[2700/5852] MISS CINEMAXIN
[2701/5852] MISS 522279
[2702/5852] MISS PERCIMDIAM
[2703/5852] MISS 523353
[2704/5852] MISS 501178
[2706/5852] MISS 780001
[2707/5852] MISS 780002
[2709/5852] MISS 780004
[2710/5852] MISS 780005
[2711/5852] MISS MAKE
[2712/5852] MISS 538400
[2713/5852] MISS WELENTRP
[2715/5852] MISS 780009
[2716/5852] MISS 780010
[2718/5852] MISS 780013
[2719/5852] MISS 780016
[2720/5852] MISS 780017
[2722/5852] MISS 500025
[2723/5852] MISS BALAJIIND
[2724/5852] MISS BELLARYSTL
[2725/5852] MISS CAUVERSOFT
[2726/5852] MISS COREPARENT
[2727/5852] MISS CTCOTTON
[2729/5852] MISS GANESHANHY
[2731/5852] MISS HOTLINGLAS
[2733/5852] MISS JORDENGG
[2734/5852] MISS METAZINC
[2736/5852] MISS MODRNSYNTX
[2737/5852] MISS MODERNWOOL
[2738/5852] MISS NOVAELEMAG
[2739/5852] MISS SBIHOMEFIN
[2740/5852] MISS SHAMKNSPIN
[2741/5852] MISS SMDYECHEM
[2742/5852] MISS USHAINDIA
[2743/5852] MISS USHAISPAT
[2744/5852] MISS 500438
[2746/5852] MISS NEPCAGRO
[2747/5852] MISS 500466
[2748/5852] MISS 501316
[2750/5852] MISS 501458
[2751/5852] MISS 501482
[2752/5852] MISS 501815
[2753/5852] MISS 501874
[2754/5852] MISS 502187
[2755/5852] MISS 502260
[2756/5852] MISS 502700
[2757/5852] MISS 502856
[2758/5852] MISS 502920
[2759/5852] MISS 502943
[2760/5852] MISS 503297
[2761/5852] MISS 503628
[2762/5852] MISS 503876
[2763/5852] MISS WILLARDLTD
[2764/5852] MISS 504387
[2766/5852] MISS 504717
[2767/5852] MISS 504896
[2768/5852] MISS 505032
[2769/5852] MISS 505511
[2770/5852] MISS 505539
[2771/5852] MISS 505672
[2772/5852] MISS 505923
[2773/5852] MISS 506024
[2774/5852] MISS STEELTUBES
[2775/5852] MISS 506095
[2776/5852] MISS 506102
[2777/5852] MISS 506162
[2778/5852] MISS ADARSHCHEM
[2779/5852] MISS 506345
[2780/5852] MISS 506580
[2781/5852] MISS 506650
[2782/5852] MISS 506718
[2783/5852] MISS 506959
[2784/5852] MISS 506987
[2785/5852] MISS BSI
[2786/5852] MISS 507140
[2787/5852] MISS 507150
[2788/5852] MISS 507482
[2789/5852] MISS 507743
[2790/5852] MISS 507831
[2791/5852] MISS 507884
[2792/5852] MISS 507924
[2793/5852] MISS 507926
[2794/5852] MISS 507940
[2795/5852] MISS VMJOGENGG
[2796/5852] MISS 507997
[2797/5852] MISS 508671
[2798/5852] MISS 508924
[2799/5852] MISS 508987
[2800/5852] MISS 509063
[2801/5852] MISS 509367
[2802/5852] MISS WOPOLIN
[2803/5852] MISS 509440
[2804/5852] MISS 509495
[2805/5852] MISS 509513
[2806/5852] MISS 509782
[2807/5852] MISS INTEGRFIN
[2809/5852] MISS 511086
[2811/5852] MISS 511128
[2814/5852] MISS 511320
[2815/5852] MISS APPLECREDT
[2816/5852] MISS 511343
[2818/5852] MISS BURRBROWN
[2819/5852] MISS CLIFCO
[2820/5852] MISS 511495
[2821/5852] MISS 511513
[2823/5852] MISS 511613
[2824/5852] MISS BHUPENCAP
[2825/5852] MISS 511694
[2826/5852] MISS 512004
[2827/5852] MISS 512011
[2828/5852] MISS 512028
[2829/5852] MISS 512060
[2830/5852] MISS ETPCORP
[2832/5852] MISS 512157
[2833/5852] MISS 512189
[2834/5852] MISS 512205
[2835/5852] MISS 512223
[2836/5852] MISS 512245
[2838/5852] MISS 512265
[2839/5852] MISS 512285
[2840/5852] MISS 512303
[2842/5852] MISS 512337
[2843/5852] MISS 512401
[2844/5852] MISS 512419
[2845/5852] MISS 512424
[2846/5852] MISS 512427
[2849/5852] MISS 512447
[2851/5852] MISS 512491
[2855/5852] MISS 512549
[2856/5852] MISS 512575
[2857/5852] MISS 512616
[2858/5852] MISS 513041
[2859/5852] MISS 513127
[2861/5852] MISS SUPERFORGE
[2862/5852] MISS THAPRISPAT
[2863/5852] MISS KUSUMINGOT
[2864/5852] MISS 513387
[2865/5852] MISS NOVASTEEL
[2866/5852] MISS 513412
[2867/5852] MISS 513442
[2868/5852] MISS 513609
[2869/5852] MISS 513617
[2871/5852] MISS MULTIARC
[2872/5852] MISS 513705
[2873/5852] MISS 513715
[2874/5852] MISS PARSSYNTH
[2875/5852] MISS 514114
[2876/5852] MISS SHAMKNFAB
[2877/5852] MISS 514179
[2878/5852] MISS 514209
[2879/5852] MISS 514236
[2880/5852] MISS 514252
[2881/5852] MISS UNIWORTINT
[2882/5852] MISS 514292
[2883/5852] MISS 514294
[2884/5852] MISS 514298
[2885/5852] MISS 514306
[2886/5852] MISS 514328
[2887/5852] MISS 514370
[2888/5852] MISS 514384
[2889/5852] MISS 514404
[2890/5852] MISS 514452
[2891/5852] MISS 514478
[2892/5852] MISS 514490
[2893/5852] MISS SPARTEK
[2894/5852] MISS 515101
[2895/5852] MISS 515107
[2896/5852] MISS 515111
[2897/5852] MISS 515137
